[2025-05-20 15:20:41] Project directory /app/new_qup_staking exists. Using existing project...
[2025-05-20 15:20:41] Validating project structure in /app/new_qup_staking...
[2025-05-20 15:20:41] Program ID: 3kpu2wQdSLzpHAF5GL53oDKxJznbt6gJBoBvmMNrKwZj
[2025-05-20 15:20:41] Updating program ID to 3kpu2wQdSLzpHAF5GL53oDKxJznbt6gJBoBvmMNrKwZj in project files...
[2025-05-20 15:20:41] Validating program ID in lib.rs and Anchor.toml in /app/new_qup_staking...
[2025-05-20 15:20:41] Verifying solana-program version in /app/new_qup_staking/programs/new_qup_staking/Cargo.toml...
[2025-05-20 15:20:41] Current solana-program version: 1.18.25
[2025-05-20 15:20:41] New solana-program version: 1.18.25
[2025-05-20 15:20:41] Updating anchor-lang, anchor-spl, spl-token, and spl-associated-token-account versions in /app/new_qup_staking/programs/new_qup_staking/Cargo.toml...
[2025-05-20 15:20:41] Updating root Cargo.toml...
[2025-05-20 15:20:41] Contents of root Cargo.toml:
[workspace]
members = ["programs/new_qup_staking"]
resolver = "2"

[profile.release]
overflow-checks = true
lto = "fat"
codegen-units = 1
[2025-05-20 15:20:41] Ensuring correct @coral-xyz/anchor version for CLI...

added 5 packages, removed 8 packages, changed 13 packages, and audited 189 packages in 12s

32 packages are looking for funding
  run `npm fund` for details

7 vulnerabilities (3 moderate, 4 high)

To address all issues (including breaking changes), run:
  npm audit fix --force

Run `npm audit` for details.
[2025-05-20 15:20:54] Attempting to build the program...
[2025-05-20 15:20:54] Generating lockfile with Rust nightly...
    Updating crates.io index
     Locking 270 packages to latest compatible versions
      Adding anchor-lang v0.30.1 (available: v0.31.1)
      Adding anchor-spl v0.30.1 (available: v0.31.1)
      Adding solana-frozen-abi v1.18.25 (available: v1.18.26)
      Adding solana-frozen-abi-macro v1.18.25 (available: v1.18.26)
      Adding solana-logger v1.18.25 (available: v1.18.26)
      Adding solana-program v1.18.25 (available: v1.18.26)
      Adding solana-sdk v1.18.25 (available: v1.18.26)
      Adding solana-sdk-macro v1.18.25 (available: v1.18.26)
      Adding solana-zk-token-sdk v1.18.25 (available: v1.18.26)
      Adding spl-associated-token-account v2.3.0 (available: v7.0.0)
      Adding spl-token v4.0.3 (available: v8.0.0)
      Adding spl-token-2022 v3.0.5 (available: v9.0.0)
      Adding subtle v2.4.1 (available: v2.6.1)
      Adding zeroize v1.3.0 (available: v1.8.1)
[2025-05-20 15:20:55] Forcing dependency resolution with cargo update...
    Updating crates.io index
     Locking 0 packages to latest compatible versions
note: pass `--verbose` to see 14 unchanged dependencies behind latest
[2025-05-20 15:20:56] Building with anchor...
